Started by user [8mha:////4AC5S4azLEpHoi1OgO8cWV5ITteFSnDXtWFX79HEl/oXAAAAmh+LCAAAAAAAAP9b85aBtbiIQTGjNKU4P08vOT+vOD8nVc83PyU1x6OyILUoJzMv2y+/JJUBAhiZGBgqihhk0NSjKDWzXb3RdlLBUSYGJk8GtpzUvPSSDB8G5tKinBIGIZ+sxLJE/ZzEvHT94JKizLx0a6BxUmjGOUNodHsLgAyBEgY+/dLi1CL9vPTSlJTEkkwAOjwbBMMAAAA=[0mNagababu Guddati
Running as SYSTEM
[EnvInject] - Loading node environment variables.
Building in workspace /var/jenkins_home/workspace/fdc-IB-manifest-stage
The recommended git tool is: git
using credential fdaf6255-c33e-4004-b386-2d20682fd879
 > git rev-parse --resolve-git-dir /var/jenkins_home/workspace/fdc-IB-manifest-stage/.git # timeout=10
Fetching changes from the remote Git repository
 > git config remote.origin.url https://github.com/altirllc/fdc-etl.git # timeout=10
Fetching upstream changes from https://github.com/altirllc/fdc-etl.git
 > git --version # timeout=10
 > git --version # 'git version 2.30.2'
using GIT_ASKPASS to set credentials Git_checkout_Token
 > git fetch --tags --force --progress -- https://github.com/altirllc/fdc-etl.git +refs/heads/*:refs/remotes/origin/* # timeout=10
 > git rev-parse refs/remotes/origin/feature/FDC-758^{commit} # timeout=10
Checking out Revision 3da4771d642d49500f5515abdb9831783bd2d970 (refs/remotes/origin/feature/FDC-758)
 > git config core.sparsecheckout # timeout=10
 > git checkout -f 3da4771d642d49500f5515abdb9831783bd2d970 # timeout=10
Commit message: "FDC-758:: fixed typos"
 > git rev-list --no-walk 3da4771d642d49500f5515abdb9831783bd2d970 # timeout=10
[fdc-IB-manifest-stage] $ /bin/sh -xe /tmp/jenkins14857682318020836929.sh
+ cd python_scripts
+ python3 IB_Manifest_stage.py
Connection successfully established ... 
no files were detected in folder or loop reached end 
FOUND FILE FrontDoorCollective_20220705-stage-test.csv
10 record inserted
Traceback (most recent call last):
  File "/var/jenkins_home/workspace/fdc-IB-manifest-stage/python_scripts/IB_Manifest_stage.py", line 79, in <module>
    cursor.execute("CALL fdc_stage.generic_load_shipment_package(122);")
  File "/var/jenkins_home/.local/lib/python3.9/site-packages/mysql/connector/cursor.py", line 551, in execute
    self._handle_result(self._connection.cmd_query(stmt))
  File "/var/jenkins_home/.local/lib/python3.9/site-packages/mysql/connector/connection.py", line 490, in cmd_query
    result = self._handle_result(self._send_cmd(ServerCmd.QUERY, query))
  File "/var/jenkins_home/.local/lib/python3.9/site-packages/mysql/connector/connection.py", line 395, in _handle_result
    raise errors.get_exception(packet)
mysql.connector.errors.IntegrityError: 1062 (23000): Duplicate entry 'IBTest100000000300006052-\x00' for key 'package.pkg_barcode_pickup_ind'
Build step 'Execute shell' marked build as failure
Finished: FAILURE
